<?xml version="1.0" encoding="UTF-8"?>
<testsuite name="ohtu.matkakortti.KassapaateTest" tests="4" skipped="0" failures="0" errors="0" timestamp="2019-11-25T17:42:39" hostname="RAKKINE" time="0.331">
  <properties/>
  <testcase name="kortilleEiVoiLadataNegatiivistaSummaa" classname="ohtu.matkakortti.KassapaateTest" time="0.32"/>
  <testcase name="kortiltaVelotetaanHintaJosRahaaOn" classname="ohtu.matkakortti.KassapaateTest" time="0.008"/>
  <testcase name="kortilleVoidaanLadataPositiivinenSumma" classname="ohtu.matkakortti.KassapaateTest" time="0.001"/>
  <testcase name="kortiltaEiVelotetaJosRahaEiRiita" classname="ohtu.matkakortti.KassapaateTest" time="0.001"/>
  <system-out><![CDATA[]]></system-out>
  <system-err><![CDATA[]]></system-err>
</testsuite>
